<?xml version="1.0" encoding="UTF-8"?>
<coverage generated="1540767748499" clover="3.2.0">
  <project timestamp="1540767748499" name="All files">
    <metrics statements="54" coveredstatements="50" conditionals="8" coveredconditionals="4" methods="12" coveredmethods="9" elements="74" coveredelements="63" complexity="0" loc="54" ncloc="54" packages="1" files="2" classes="2">
      <file name="cars.service.js" path="/home/aleksei/WORK_NEW/moleculer_example/moleculer-test/services/cars.service.js">
        <metrics statements="30" coveredstatements="27" conditionals="6" coveredconditionals="3" methods="5" coveredmethods="2"/>
        <line num="3" count="1" type="stmt"/>
        <line num="4" count="1" type="stmt"/>
        <line num="6" count="1" type="stmt"/>
        <line num="12" count="1" type="stmt"/>
        <line num="35" count="1" type="stmt"/>
        <line num="36" count="1" type="stmt"/>
        <line num="70" count="1" type="stmt"/>
        <line num="72" count="1" type="stmt"/>
        <line num="73" count="1" type="stmt"/>
        <line num="74" count="1" type="stmt"/>
        <line num="75" count="1" type="stmt"/>
        <line num="77" count="1" type="stmt"/>
        <line num="79" count="1" type="cond" truecount="1" falsecount="1"/>
        <line num="80" count="1" type="cond" truecount="1" falsecount="1"/>
        <line num="82" count="1" type="cond" truecount="1" falsecount="1"/>
        <line num="84" count="1" type="stmt"/>
        <line num="87" count="0" type="stmt"/>
        <line num="88" count="0" type="stmt"/>
        <line num="89" count="0" type="stmt"/>
        <line num="110" count="100" type="stmt"/>
        <line num="112" count="100" type="stmt"/>
        <line num="113" count="100" type="stmt"/>
        <line num="115" count="100" type="stmt"/>
        <line num="116" count="100" type="stmt"/>
        <line num="117" count="100" type="stmt"/>
        <line num="119" count="100" type="stmt"/>
        <line num="125" count="1" type="stmt"/>
        <line num="128" count="1" type="stmt"/>
        <line num="129" count="100" type="stmt"/>
        <line num="147" count="1" type="stmt"/>
      </file>
      <file name="exchanger.service.js" path="/home/aleksei/WORK_NEW/moleculer_example/moleculer-test/services/exchanger.service.js">
        <metrics statements="24" coveredstatements="23" conditionals="2" coveredconditionals="1" methods="7" coveredmethods="7"/>
        <line num="3" count="2" type="stmt"/>
        <line num="4" count="2" type="stmt"/>
        <line num="6" count="2" type="stmt"/>
        <line num="7" count="2" type="stmt"/>
        <line num="8" count="2" type="stmt"/>
        <line num="10" count="2" type="stmt"/>
        <line num="14" count="2" type="stmt"/>
        <line num="29" count="2" type="stmt"/>
        <line num="30" count="2" type="stmt"/>
        <line num="52" count="2" type="stmt"/>
        <line num="54" count="2" type="stmt"/>
        <line num="58" count="2" type="stmt"/>
        <line num="65" count="3" type="stmt"/>
        <line num="66" count="3" type="stmt"/>
        <line num="68" count="3" type="stmt"/>
        <line num="69" count="1" type="stmt"/>
        <line num="70" count="1" type="stmt"/>
        <line num="73" count="1" type="stmt"/>
        <line num="75" count="34" type="stmt"/>
        <line num="81" count="1" type="stmt"/>
        <line num="94" count="1" type="cond" truecount="1" falsecount="1"/>
        <line num="95" count="0" type="stmt"/>
        <line num="105" count="1" type="stmt"/>
        <line num="119" count="2" type="stmt"/>
      </file>
    </metrics>
  </project>
</coverage>
