{"/home/aleksei/WORK_NEW/moleculer_example/moleculer-test/services/cars.service.js": {"path":"/home/aleksei/WORK_NEW/moleculer_example/moleculer-test/services/cars.service.js","statementMap":{"0":{"start":{"line":3,"column":18},"end":{"line":3,"column":41}},"1":{"start":{"line":4,"column":23},"end":{"line":4,"column":60}},"2":{"start":{"line":6,"column":21},"end":{"line":6,"column":61}},"3":{"start":{"line":12,"column":0},"end":{"line":156,"column":2}},"4":{"start":{"line":35,"column":8},"end":{"line":35,"column":51}},"5":{"start":{"line":36,"column":8},"end":{"line":36,"column":31}},"6":{"start":{"line":70,"column":29},"end":{"line":70,"column":65}},"7":{"start":{"line":72,"column":33},"end":{"line":72,"column":47}},"8":{"start":{"line":73,"column":29},"end":{"line":73,"column":44}},"9":{"start":{"line":74,"column":30},"end":{"line":74,"column":46}},"10":{"start":{"line":75,"column":30},"end":{"line":75,"column":46}},"11":{"start":{"line":77,"column":28},"end":{"line":77,"column":30}},"12":{"start":{"line":79,"column":16},"end":{"line":79,"column":47}},"13":{"start":{"line":79,"column":27},"end":{"line":79,"column":45}},"14":{"start":{"line":80,"column":16},"end":{"line":80,"column":50}},"15":{"start":{"line":80,"column":28},"end":{"line":80,"column":48}},"16":{"start":{"line":82,"column":27},"end":{"line":82,"column":110}},"17":{"start":{"line":84,"column":16},"end":{"line":91,"column":19}},"18":{"start":{"line":87,"column":20},"end":{"line":90,"column":23}},"19":{"start":{"line":88,"column":24},"end":{"line":88,"column":63}},"20":{"start":{"line":89,"column":24},"end":{"line":89,"column":35}},"21":{"start":{"line":110,"column":27},"end":{"line":110,"column":38}},"22":{"start":{"line":112,"column":24},"end":{"line":112,"column":67}},"23":{"start":{"line":113,"column":25},"end":{"line":113,"column":67}},"24":{"start":{"line":115,"column":23},"end":{"line":115,"column":75}},"25":{"start":{"line":116,"column":24},"end":{"line":116,"column":78}},"26":{"start":{"line":117,"column":24},"end":{"line":117,"column":66}},"27":{"start":{"line":119,"column":12},"end":{"line":119,"column":82}},"28":{"start":{"line":125,"column":12},"end":{"line":131,"column":15}},"29":{"start":{"line":128,"column":16},"end":{"line":130,"column":17}},"30":{"start":{"line":129,"column":20},"end":{"line":129,"column":39}},"31":{"start":{"line":147,"column":8},"end":{"line":147,"column":24}}},"fnMap":{"0":{"name":"(anonymous_0)","decl":{"start":{"line":34,"column":20},"end":{"line":34,"column":21}},"loc":{"start":{"line":34,"column":31},"end":{"line":37,"column":5}},"line":34},"1":{"name":"(anonymous_1)","decl":{"start":{"line":86,"column":24},"end":{"line":86,"column":25}},"loc":{"start":{"line":86,"column":38},"end":{"line":91,"column":17}},"line":86},"2":{"name":"(anonymous_2)","decl":{"start":{"line":87,"column":36},"end":{"line":87,"column":37}},"loc":{"start":{"line":87,"column":49},"end":{"line":90,"column":21}},"line":87},"3":{"name":"(anonymous_3)","decl":{"start":{"line":119,"column":71},"end":{"line":119,"column":72}},"loc":{"start":{"line":119,"column":78},"end":{"line":119,"column":80}},"line":119},"4":{"name":"(anonymous_4)","decl":{"start":{"line":127,"column":18},"end":{"line":127,"column":19}},"loc":{"start":{"line":127,"column":24},"end":{"line":131,"column":13}},"line":127}},"branchMap":{"0":{"loc":{"start":{"line":79,"column":16},"end":{"line":79,"column":47}},"type":"if","locations":[{"start":{"line":79,"column":16},"end":{"line":79,"column":47}},{"start":{"line":79,"column":16},"end":{"line":79,"column":47}}],"line":79},"1":{"loc":{"start":{"line":80,"column":16},"end":{"line":80,"column":50}},"type":"if","locations":[{"start":{"line":80,"column":16},"end":{"line":80,"column":50}},{"start":{"line":80,"column":16},"end":{"line":80,"column":50}}],"line":80},"2":{"loc":{"start":{"line":82,"column":27},"end":{"line":82,"column":110}},"type":"cond-expr","locations":[{"start":{"line":82,"column":38},"end":{"line":82,"column":106}},{"start":{"line":82,"column":109},"end":{"line":82,"column":110}}],"line":82}},"s":{"0":1,"1":1,"2":1,"3":1,"4":1,"5":1,"6":1,"7":1,"8":1,"9":1,"10":1,"11":1,"12":1,"13":1,"14":1,"15":1,"16":1,"17":1,"18":0,"19":0,"20":0,"21":100,"22":100,"23":100,"24":100,"25":100,"26":100,"27":100,"28":1,"29":1,"30":100,"31":1},"f":{"0":1,"1":0,"2":0,"3":0,"4":1},"b":{"0":[1,0],"1":[1,0],"2":[1,0]},"_coverageSchema":"332fd63041d2c1bcb487cc26dd0d5f7d97098a6c","hash":"fb367eab87f63bd364a4f6dafbd8ce7d6d4c2fc4"}
,"/home/aleksei/WORK_NEW/moleculer_example/moleculer-test/services/exchanger.service.js": {"path":"/home/aleksei/WORK_NEW/moleculer_example/moleculer-test/services/exchanger.service.js","statementMap":{"0":{"start":{"line":3,"column":18},"end":{"line":3,"column":41}},"1":{"start":{"line":4,"column":23},"end":{"line":4,"column":60}},"2":{"start":{"line":6,"column":16},"end":{"line":6,"column":34}},"3":{"start":{"line":7,"column":15},"end":{"line":7,"column":32}},"4":{"start":{"line":8,"column":15},"end":{"line":8,"column":32}},"5":{"start":{"line":10,"column":16},"end":{"line":10,"column":35}},"6":{"start":{"line":14,"column":0},"end":{"line":128,"column":2}},"7":{"start":{"line":29,"column":8},"end":{"line":29,"column":51}},"8":{"start":{"line":30,"column":8},"end":{"line":30,"column":31}},"9":{"start":{"line":52,"column":29},"end":{"line":52,"column":48}},"10":{"start":{"line":54,"column":12},"end":{"line":59,"column":15}},"11":{"start":{"line":58,"column":16},"end":{"line":58,"column":32}},"12":{"start":{"line":65,"column":25},"end":{"line":65,"column":36}},"13":{"start":{"line":66,"column":29},"end":{"line":66,"column":44}},"14":{"start":{"line":68,"column":12},"end":{"line":85,"column":15}},"15":{"start":{"line":69,"column":16},"end":{"line":84,"column":19}},"16":{"start":{"line":70,"column":20},"end":{"line":83,"column":23}},"17":{"start":{"line":73,"column":24},"end":{"line":82,"column":27}},"18":{"start":{"line":75,"column":32},"end":{"line":78,"column":34}},"19":{"start":{"line":81,"column":28},"end":{"line":81,"column":41}},"20":{"start":{"line":94,"column":12},"end":{"line":96,"column":13}},"21":{"start":{"line":95,"column":16},"end":{"line":95,"column":57}},"22":{"start":{"line":105,"column":12},"end":{"line":105,"column":59}},"23":{"start":{"line":119,"column":8},"end":{"line":119,"column":35}}},"fnMap":{"0":{"name":"(anonymous_0)","decl":{"start":{"line":28,"column":20},"end":{"line":28,"column":21}},"loc":{"start":{"line":28,"column":31},"end":{"line":31,"column":5}},"line":28},"1":{"name":"(anonymous_1)","decl":{"start":{"line":57,"column":18},"end":{"line":57,"column":19}},"loc":{"start":{"line":57,"column":25},"end":{"line":59,"column":13}},"line":57},"2":{"name":"(anonymous_2)","decl":{"start":{"line":68,"column":105},"end":{"line":68,"column":106}},"loc":{"start":{"line":68,"column":138},"end":{"line":85,"column":13}},"line":68},"3":{"name":"(anonymous_3)","decl":{"start":{"line":69,"column":41},"end":{"line":69,"column":42}},"loc":{"start":{"line":69,"column":58},"end":{"line":84,"column":17}},"line":69},"4":{"name":"(anonymous_4)","decl":{"start":{"line":72,"column":26},"end":{"line":72,"column":27}},"loc":{"start":{"line":72,"column":32},"end":{"line":83,"column":21}},"line":72},"5":{"name":"(anonymous_5)","decl":{"start":{"line":74,"column":54},"end":{"line":74,"column":55}},"loc":{"start":{"line":74,"column":68},"end":{"line":79,"column":29}},"line":74},"6":{"name":"(anonymous_6)","decl":{"start":{"line":80,"column":31},"end":{"line":80,"column":32}},"loc":{"start":{"line":80,"column":37},"end":{"line":82,"column":25}},"line":80}},"branchMap":{"0":{"loc":{"start":{"line":94,"column":12},"end":{"line":96,"column":13}},"type":"if","locations":[{"start":{"line":94,"column":12},"end":{"line":96,"column":13}},{"start":{"line":94,"column":12},"end":{"line":96,"column":13}}],"line":94}},"s":{"0":2,"1":2,"2":2,"3":2,"4":2,"5":2,"6":2,"7":2,"8":2,"9":2,"10":2,"11":2,"12":3,"13":3,"14":3,"15":1,"16":1,"17":1,"18":34,"19":1,"20":1,"21":0,"22":1,"23":2},"f":{"0":2,"1":2,"2":1,"3":1,"4":1,"5":34,"6":1},"b":{"0":[0,1]},"_coverageSchema":"332fd63041d2c1bcb487cc26dd0d5f7d97098a6c","hash":"30cdd050e6b11a7556c8c8254a16acc74b4d8caf"}
}
