TN:
SF:/home/aleksei/WORK_NEW/moleculer_example/moleculer-test/services/cars.service.js
FN:34,(anonymous_0)
FN:86,(anonymous_1)
FN:87,(anonymous_2)
FN:119,(anonymous_3)
FN:127,(anonymous_4)
FNF:5
FNH:2
FNDA:1,(anonymous_0)
FNDA:0,(anonymous_1)
FNDA:0,(anonymous_2)
FNDA:0,(anonymous_3)
FNDA:1,(anonymous_4)
DA:3,1
DA:4,1
DA:6,1
DA:12,1
DA:35,1
DA:36,1
DA:70,1
DA:72,1
DA:73,1
DA:74,1
DA:75,1
DA:77,1
DA:79,1
DA:80,1
DA:82,1
DA:84,1
DA:87,0
DA:88,0
DA:89,0
DA:110,100
DA:112,100
DA:113,100
DA:115,100
DA:116,100
DA:117,100
DA:119,100
DA:125,1
DA:128,1
DA:129,100
DA:147,1
LF:30
LH:27
BRDA:79,0,0,1
BRDA:79,0,1,0
BRDA:80,1,0,1
BRDA:80,1,1,0
BRDA:82,2,0,1
BRDA:82,2,1,0
BRF:6
BRH:3
end_of_record
TN:
SF:/home/aleksei/WORK_NEW/moleculer_example/moleculer-test/services/exchanger.service.js
FN:28,(anonymous_0)
FN:57,(anonymous_1)
FN:68,(anonymous_2)
FN:69,(anonymous_3)
FN:72,(anonymous_4)
FN:74,(anonymous_5)
FN:80,(anonymous_6)
FNF:7
FNH:7
FNDA:2,(anonymous_0)
FNDA:2,(anonymous_1)
FNDA:1,(anonymous_2)
FNDA:1,(anonymous_3)
FNDA:1,(anonymous_4)
FNDA:34,(anonymous_5)
FNDA:1,(anonymous_6)
DA:3,2
DA:4,2
DA:6,2
DA:7,2
DA:8,2
DA:10,2
DA:14,2
DA:29,2
DA:30,2
DA:52,2
DA:54,2
DA:58,2
DA:65,3
DA:66,3
DA:68,3
DA:69,1
DA:70,1
DA:73,1
DA:75,34
DA:81,1
DA:94,1
DA:95,0
DA:105,1
DA:119,2
LF:24
LH:23
BRDA:94,0,0,0
BRDA:94,0,1,1
BRF:2
BRH:1
end_of_record
